<?xml version="1.0" encoding="UTF-8"?>
<testsuite xmlns:xsi="http://www.w3.org/2001/XMLSchema-instance" xsi:noNamespaceSchemaLocation="https://maven.apache.org/surefire/maven-surefire-plugin/xsd/surefire-test-report-3.0.xsd" version="3.0" name="com.taller.usuarios.UsuarioServiceTest" time="0.169" tests="22" errors="0" skipped="0" failures="0">
  <properties>
    <property name="java.specification.version" value="24"/>
    <property name="sun.cpu.isalist" value="amd64"/>
    <property name="sun.jnu.encoding" value="Cp1252"/>
    <property name="java.class.path" value="C:\Users\Andersonic\Desktop\gestion-usuarioss\gestion-usuarioss\target\test-classes;C:\Users\Andersonic\Desktop\gestion-usuarioss\gestion-usuarioss\target\classes;C:\Users\Andersonic\.m2\repository\org\junit\jupiter\junit-jupiter\5.10.2\junit-jupiter-5.10.2.jar;C:\Users\Andersonic\.m2\repository\org\junit\jupiter\junit-jupiter-api\5.10.2\junit-jupiter-api-5.10.2.jar;C:\Users\Andersonic\.m2\repository\org\opentest4j\opentest4j\1.3.0\opentest4j-1.3.0.jar;C:\Users\Andersonic\.m2\repository\org\junit\platform\junit-platform-commons\1.10.2\junit-platform-commons-1.10.2.jar;C:\Users\Andersonic\.m2\repository\org\apiguardian\apiguardian-api\1.1.2\apiguardian-api-1.1.2.jar;C:\Users\Andersonic\.m2\repository\org\junit\jupiter\junit-jupiter-params\5.10.2\junit-jupiter-params-5.10.2.jar;C:\Users\Andersonic\.m2\repository\org\junit\jupiter\junit-jupiter-engine\5.10.2\junit-jupiter-engine-5.10.2.jar;C:\Users\Andersonic\.m2\repository\org\junit\platform\junit-platform-engine\1.10.2\junit-platform-engine-1.10.2.jar;"/>
    <property name="java.vm.vendor" value="Oracle Corporation"/>
    <property name="sun.arch.data.model" value="64"/>
    <property name="user.variant" value=""/>
    <property name="java.vendor.url" value="https://java.oracle.com/"/>
    <property name="user.timezone" value="America/Bogota"/>
    <property name="os.name" value="Windows 10"/>
    <property name="java.vm.specification.version" value="24"/>
    <property name="sun.java.launcher" value="SUN_STANDARD"/>
    <property name="user.country" value="CO"/>
    <property name="sun.boot.library.path" value="C:\Program Files\Java\jdk-24\bin"/>
    <property name="sun.java.command" value="C:\Users\Andersonic\AppData\Local\Temp\surefire7606627985376255445\surefirebooter-20250925211500231_3.jar C:\Users\Andersonic\AppData\Local\Temp\surefire7606627985376255445 2025-09-25T21-15-00_052-jvmRun1 surefire-20250925211500231_1tmp surefire_0-20250925211500231_2tmp"/>
    <property name="jdk.debug" value="release"/>
    <property name="surefire.test.class.path" value="C:\Users\Andersonic\Desktop\gestion-usuarioss\gestion-usuarioss\target\test-classes;C:\Users\Andersonic\Desktop\gestion-usuarioss\gestion-usuarioss\target\classes;C:\Users\Andersonic\.m2\repository\org\junit\jupiter\junit-jupiter\5.10.2\junit-jupiter-5.10.2.jar;C:\Users\Andersonic\.m2\repository\org\junit\jupiter\junit-jupiter-api\5.10.2\junit-jupiter-api-5.10.2.jar;C:\Users\Andersonic\.m2\repository\org\opentest4j\opentest4j\1.3.0\opentest4j-1.3.0.jar;C:\Users\Andersonic\.m2\repository\org\junit\platform\junit-platform-commons\1.10.2\junit-platform-commons-1.10.2.jar;C:\Users\Andersonic\.m2\repository\org\apiguardian\apiguardian-api\1.1.2\apiguardian-api-1.1.2.jar;C:\Users\Andersonic\.m2\repository\org\junit\jupiter\junit-jupiter-params\5.10.2\junit-jupiter-params-5.10.2.jar;C:\Users\Andersonic\.m2\repository\org\junit\jupiter\junit-jupiter-engine\5.10.2\junit-jupiter-engine-5.10.2.jar;C:\Users\Andersonic\.m2\repository\org\junit\platform\junit-platform-engine\1.10.2\junit-platform-engine-1.10.2.jar;"/>
    <property name="sun.cpu.endian" value="little"/>
    <property name="user.home" value="C:\Users\Andersonic"/>
    <property name="user.language" value="es"/>
    <property name="java.specification.vendor" value="Oracle Corporation"/>
    <property name="java.version.date" value="2025-07-15"/>
    <property name="java.home" value="C:\Program Files\Java\jdk-24"/>
    <property name="file.separator" value="\"/>
    <property name="basedir" value="C:\Users\Andersonic\Desktop\gestion-usuarioss\gestion-usuarioss"/>
    <property name="java.vm.compressedOopsMode" value="32-bit"/>
    <property name="line.separator" value="&#10;"/>
    <property name="java.vm.specification.vendor" value="Oracle Corporation"/>
    <property name="java.specification.name" value="Java Platform API Specification"/>
    <property name="surefire.real.class.path" value="C:\Users\Andersonic\AppData\Local\Temp\surefire7606627985376255445\surefirebooter-20250925211500231_3.jar"/>
    <property name="user.script" value=""/>
    <property name="sun.management.compiler" value="HotSpot 64-Bit Tiered Compilers"/>
    <property name="java.runtime.version" value="24.0.2+12-54"/>
    <property name="user.name" value="Andersonic"/>
    <property name="stdout.encoding" value="Cp1252"/>
    <property name="path.separator" value=";"/>
    <property name="os.version" value="10.0"/>
    <property name="java.runtime.name" value="Java(TM) SE Runtime Environment"/>
    <property name="file.encoding" value="UTF-8"/>
    <property name="java.vm.name" value="Java HotSpot(TM) 64-Bit Server VM"/>
    <property name="localRepository" value="C:\Users\Andersonic\.m2\repository"/>
    <property name="java.vendor.url.bug" value="https://bugreport.java.com/bugreport/"/>
    <property name="java.io.tmpdir" value="C:\Users\ANDERS~1\AppData\Local\Temp\"/>
    <property name="java.version" value="24.0.2"/>
    <property name="user.dir" value="C:\Users\Andersonic\Desktop\gestion-usuarioss\gestion-usuarioss"/>
    <property name="os.arch" value="amd64"/>
    <property name="java.vm.specification.name" value="Java Virtual Machine Specification"/>
    <property name="sun.os.patch.level" value=""/>
    <property name="native.encoding" value="Cp1252"/>
    <property name="java.library.path" value="C:\Program Files\Java\jdk-24\bin;C:\Windows\Sun\Java\bin;C:\Windows\system32;C:\Windows;C:\Program Files\Common Files\Oracle\Java\javapath;C:\Program Files (x86)\Common Files\Oracle\Java\java8path;C:\Program Files (x86)\Common Files\Oracle\Java\javapath;C:\Windows\system32;C:\Windows;C:\Windows\System32\Wbem;C:\Windows\System32\WindowsPowerShell\v1.0\;C:\Windows\System32\OpenSSH\;C:\Program Files\nodejs\;C:\Program Files\Git\cmd;C:\Program Files\apache-maven-3.9.9\bin;C:\Program Files\Java\jdk-24\bin;C:\Program Files\Java\jdk-24\bin;C:\Program Files\playit_gg\bin\;C:\Program Files\Docker\Docker\resources\bin;C:\Program Files\MySQL\MySQL Shell 8.0\bin\;C:\Users\Andersonic\AppData\Local\Microsoft\WindowsApps;C:\Users\Andersonic\AppData\Local\Programs\Microsoft VS Code\bin;C:\Users\Andersonic\AppData\Roaming\npm;C:\Program Files\JetBrains\IntelliJ IDEA 2025.2\bin;."/>
    <property name="java.vm.info" value="mixed mode, sharing"/>
    <property name="stderr.encoding" value="Cp1252"/>
    <property name="java.vendor" value="Oracle Corporation"/>
    <property name="java.vm.version" value="24.0.2+12-54"/>
    <property name="sun.io.unicode.encoding" value="UnicodeLittle"/>
    <property name="java.class.version" value="68.0"/>
  </properties>
  <testcase name="eliminarUsuario_existente_deberiaEliminarlo" classname="com.taller.usuarios.UsuarioServiceTest" time="0.051"/>
  <testcase name="actualizarEmail_conEmailNull_deberiaRetornarFalse" classname="com.taller.usuarios.UsuarioServiceTest" time="0.003"/>
  <testcase name="toString_noEsNull" classname="com.taller.usuarios.UsuarioServiceTest" time="0.005"/>
  <testcase name="constructorYGetters_funcionanCorrectamente" classname="com.taller.usuarios.UsuarioServiceTest" time="0.004"/>
  <testcase name="eliminarUsuario_conIdNull_deberiaRetornarFalse" classname="com.taller.usuarios.UsuarioServiceTest" time="0.001"/>
  <testcase name="crearUsuario_deberiaAgregarNuevoUsuario" classname="com.taller.usuarios.UsuarioServiceTest" time="0.001"/>
  <testcase name="buscarUsuario_inexistente_deberiaRetornarNull" classname="com.taller.usuarios.UsuarioServiceTest" time="0.002"/>
  <testcase name="crearUsuario_conIdNull_noDebeAgregar" classname="com.taller.usuarios.UsuarioServiceTest" time="0.002"/>
  <testcase name="equals_conNullYDistintoTipo_devuelveFalse" classname="com.taller.usuarios.UsuarioServiceTest" time="0.002"/>
  <testcase name="equalsYHashCode_funcionanCorrectamente" classname="com.taller.usuarios.UsuarioServiceTest" time="0.002"/>
  <testcase name="eliminarUsuario_inexistente_deberiaRetornarFalse" classname="com.taller.usuarios.UsuarioServiceTest" time="0.002"/>
  <testcase name="existeUsuario_deberiaRetornarTrueSiExiste" classname="com.taller.usuarios.UsuarioServiceTest" time="0.001"/>
  <testcase name="actualizarEmail_usuarioNoExistente_deberiaRetornarFalse" classname="com.taller.usuarios.UsuarioServiceTest" time="0.001"/>
  <testcase name="buscarUsuario_existente_deberiaRetornarUsuario" classname="com.taller.usuarios.UsuarioServiceTest" time="0.004"/>
  <testcase name="crearUsuario_conIdDuplicado_noDebeAgregar" classname="com.taller.usuarios.UsuarioServiceTest" time="0.002"/>
  <testcase name="buscarUsuario_conIdNull_deberiaRetornarNull" classname="com.taller.usuarios.UsuarioServiceTest" time="0.001"/>
  <testcase name="crearUsuario_conUsuarioNull_noDebeAgregar" classname="com.taller.usuarios.UsuarioServiceTest" time="0.001"/>
  <testcase name="setters_deberianActualizarValores" classname="com.taller.usuarios.UsuarioServiceTest" time="0.001"/>
  <testcase name="existeUsuario_deberiaRetornarFalseSiNoExiste" classname="com.taller.usuarios.UsuarioServiceTest" time="0.001"/>
  <testcase name="actualizarEmail_conIdNull_deberiaRetornarFalse" classname="com.taller.usuarios.UsuarioServiceTest" time="0.001"/>
  <testcase name="contarUsuarios_deberiaRetornarCantidadCorrecta" classname="com.taller.usuarios.UsuarioServiceTest" time="0.001"/>
  <testcase name="actualizarEmail_existente_deberiaActualizarlo" classname="com.taller.usuarios.UsuarioServiceTest" time="0.002"/>
</testsuite>